<?xml version="1.0" encoding="UTF-8"?>
<!-- Generated by org.testng.reporters.JUnitReportReporter -->
<testsuite hostname="Salah" failures="0" tests="3" name="test.UserResgistrationTest" time="36.804" errors="0" timestamp="2022-09-07T00:10:06 EET" skipped="0">
  <testcase classname="test.UserResgistrationTest" name="RegisterWithNullData" time="10.961"/>
  <system-out/>
  <testcase classname="test.UserResgistrationTest" name="ResgisterWithValidData" time="16.900"/>
  <system-out/>
  <testcase classname="test.UserResgistrationTest" name="RegisterWithAlreadyRegisteredMail" time="8.943"/>
  <system-out/>
</testsuite> <!-- test.UserResgistrationTest -->
